2022/06/01 07:39:37 [notice] 1#1: using the "epoll" event method
2022/06/01 07:39:37 [notice] 1#1: nginx/1.21.6
2022/06/01 07:39:37 [notice] 1#1: built by gcc 10.3.1 20211027 (Alpine 10.3.1_git20211027) 
2022/06/01 07:39:37 [notice] 1#1: OS: Linux 5.13.0-44-generic
2022/06/01 07:39:37 [notice] 1#1: getrlimit(RLIMIT_NOFILE): 1048576:1048576
2022/06/01 07:39:37 [notice] 1#1: start worker processes
2022/06/01 07:39:37 [notice] 1#1: start worker process 22
2022/06/01 07:39:37 [notice] 1#1: start worker process 23
2022/06/01 07:39:37 [notice] 1#1: start worker process 24
2022/06/01 07:39:37 [notice] 1#1: start worker process 25
2022/06/01 07:45:00 [notice] 1#1: signal 3 (SIGQUIT) received, shutting down
2022/06/01 07:45:00 [notice] 25#25: gracefully shutting down
2022/06/01 07:45:00 [notice] 25#25: exiting
2022/06/01 07:45:00 [notice] 25#25: exit
2022/06/01 07:45:00 [notice] 22#22: gracefully shutting down
2022/06/01 07:45:00 [notice] 22#22: exiting
2022/06/01 07:45:00 [notice] 22#22: exit
2022/06/01 07:45:00 [notice] 24#24: gracefully shutting down
2022/06/01 07:45:00 [notice] 24#24: exiting
2022/06/01 07:45:00 [notice] 24#24: exit
2022/06/01 07:45:00 [notice] 23#23: gracefully shutting down
2022/06/01 07:45:00 [notice] 23#23: exiting
2022/06/01 07:45:00 [notice] 23#23: exit
2022/06/01 07:45:00 [notice] 1#1: signal 17 (SIGCHLD) received from 22
2022/06/01 07:45:00 [notice] 1#1: worker process 22 exited with code 0
2022/06/01 07:45:00 [notice] 1#1: signal 29 (SIGIO) received
2022/06/01 07:45:00 [notice] 1#1: signal 17 (SIGCHLD) received from 24
2022/06/01 07:45:00 [notice] 1#1: worker process 24 exited with code 0
2022/06/01 07:45:00 [notice] 1#1: signal 29 (SIGIO) received
2022/06/01 07:45:00 [notice] 1#1: signal 17 (SIGCHLD) received from 25
2022/06/01 07:45:00 [notice] 1#1: worker process 25 exited with code 0
2022/06/01 07:45:00 [notice] 1#1: signal 29 (SIGIO) received
2022/06/01 07:45:00 [notice] 1#1: signal 17 (SIGCHLD) received from 23
2022/06/01 07:45:00 [notice] 1#1: worker process 23 exited with code 0
2022/06/01 07:45:00 [notice] 1#1: exit
2022/06/21 10:59:10 [notice] 1#1: using the "epoll" event method
2022/06/21 10:59:10 [notice] 1#1: nginx/1.21.6
2022/06/21 10:59:10 [notice] 1#1: built by gcc 10.3.1 20211027 (Alpine 10.3.1_git20211027) 
2022/06/21 10:59:10 [notice] 1#1: OS: Linux 5.13.0-51-generic
2022/06/21 10:59:10 [notice] 1#1: getrlimit(RLIMIT_NOFILE): 1048576:1048576
2022/06/21 10:59:10 [notice] 1#1: start worker processes
2022/06/21 10:59:10 [notice] 1#1: start worker process 32
2022/06/21 10:59:10 [notice] 1#1: start worker process 33
2022/06/21 10:59:10 [notice] 1#1: start worker process 34
2022/06/21 10:59:10 [notice] 1#1: start worker process 35
2022/06/21 11:00:52 [notice] 1#1: signal 3 (SIGQUIT) received, shutting down
2022/06/21 11:00:52 [notice] 32#32: gracefully shutting down
2022/06/21 11:00:52 [notice] 32#32: exiting
2022/06/21 11:00:52 [notice] 32#32: exit
2022/06/21 11:00:52 [notice] 33#33: gracefully shutting down
2022/06/21 11:00:52 [notice] 33#33: exiting
2022/06/21 11:00:52 [notice] 33#33: exit
2022/06/21 11:00:52 [notice] 34#34: gracefully shutting down
2022/06/21 11:00:52 [notice] 34#34: exiting
2022/06/21 11:00:52 [notice] 34#34: exit
2022/06/21 11:00:52 [notice] 35#35: gracefully shutting down
2022/06/21 11:00:52 [notice] 35#35: exiting
2022/06/21 11:00:52 [notice] 35#35: exit
2022/06/21 11:00:52 [notice] 1#1: signal 17 (SIGCHLD) received from 32
2022/06/21 11:00:52 [notice] 1#1: worker process 32 exited with code 0
2022/06/21 11:00:52 [notice] 1#1: signal 29 (SIGIO) received
2022/06/21 11:00:52 [notice] 1#1: signal 17 (SIGCHLD) received from 34
2022/06/21 11:00:52 [notice] 1#1: worker process 34 exited with code 0
2022/06/21 11:00:52 [notice] 1#1: signal 29 (SIGIO) received
2022/06/21 11:00:52 [notice] 1#1: signal 17 (SIGCHLD) received from 33
2022/06/21 11:00:52 [notice] 1#1: worker process 33 exited with code 0
2022/06/21 11:00:52 [notice] 1#1: signal 29 (SIGIO) received
2022/06/21 11:00:52 [notice] 1#1: signal 17 (SIGCHLD) received from 35
2022/06/21 11:00:52 [notice] 1#1: worker process 35 exited with code 0
2022/06/21 11:00:52 [notice] 1#1: exit
2022/06/21 11:01:17 [notice] 1#1: using the "epoll" event method
2022/06/21 11:01:17 [notice] 1#1: nginx/1.21.6
2022/06/21 11:01:17 [notice] 1#1: built by gcc 10.3.1 20211027 (Alpine 10.3.1_git20211027) 
2022/06/21 11:01:17 [notice] 1#1: OS: Linux 5.13.0-51-generic
2022/06/21 11:01:17 [notice] 1#1: getrlimit(RLIMIT_NOFILE): 1048576:1048576
2022/06/21 11:01:17 [notice] 1#1: start worker processes
2022/06/21 11:01:17 [notice] 1#1: start worker process 32
2022/06/21 11:01:17 [notice] 1#1: start worker process 33
2022/06/21 11:01:17 [notice] 1#1: start worker process 34
2022/06/21 11:01:17 [notice] 1#1: start worker process 35
2022/06/21 11:03:24 [notice] 1#1: signal 3 (SIGQUIT) received, shutting down
2022/06/21 11:03:24 [notice] 33#33: gracefully shutting down
2022/06/21 11:03:24 [notice] 35#35: gracefully shutting down
2022/06/21 11:03:24 [notice] 32#32: gracefully shutting down
2022/06/21 11:03:24 [notice] 33#33: exiting
2022/06/21 11:03:24 [notice] 35#35: exiting
2022/06/21 11:03:24 [notice] 32#32: exiting
2022/06/21 11:03:24 [notice] 33#33: exit
2022/06/21 11:03:24 [notice] 35#35: exit
2022/06/21 11:03:24 [notice] 32#32: exit
2022/06/21 11:03:24 [notice] 34#34: gracefully shutting down
2022/06/21 11:03:24 [notice] 34#34: exiting
2022/06/21 11:03:24 [notice] 34#34: exit
2022/06/21 11:03:24 [notice] 1#1: signal 17 (SIGCHLD) received from 33
2022/06/21 11:03:24 [notice] 1#1: worker process 33 exited with code 0
2022/06/21 11:03:24 [notice] 1#1: signal 29 (SIGIO) received
2022/06/21 11:03:24 [notice] 1#1: signal 17 (SIGCHLD) received from 35
2022/06/21 11:03:24 [notice] 1#1: worker process 35 exited with code 0
2022/06/21 11:03:24 [notice] 1#1: signal 29 (SIGIO) received
2022/06/21 11:03:24 [notice] 1#1: signal 17 (SIGCHLD) received from 32
2022/06/21 11:03:24 [notice] 1#1: worker process 32 exited with code 0
2022/06/21 11:03:24 [notice] 1#1: signal 29 (SIGIO) received
2022/06/21 11:03:24 [notice] 1#1: signal 17 (SIGCHLD) received from 34
2022/06/21 11:03:24 [notice] 1#1: worker process 34 exited with code 0
2022/06/21 11:03:24 [notice] 1#1: exit
2022/06/21 11:05:31 [notice] 1#1: using the "epoll" event method
2022/06/21 11:05:31 [notice] 1#1: nginx/1.21.6
2022/06/21 11:05:31 [notice] 1#1: built by gcc 10.3.1 20211027 (Alpine 10.3.1_git20211027) 
2022/06/21 11:05:31 [notice] 1#1: OS: Linux 5.13.0-51-generic
2022/06/21 11:05:31 [notice] 1#1: getrlimit(RLIMIT_NOFILE): 1048576:1048576
2022/06/21 11:05:31 [notice] 1#1: start worker processes
2022/06/21 11:05:31 [notice] 1#1: start worker process 32
2022/06/21 11:05:31 [notice] 1#1: start worker process 33
2022/06/21 11:05:31 [notice] 1#1: start worker process 34
2022/06/21 11:05:31 [notice] 1#1: start worker process 35
2022/06/21 11:06:09 [error] 32#32: *1 open() "/usr/share/nginx/html/favicon.ico" failed (2: No such file or directory), client: 172.24.0.1, server: localhost, request: "GET /favicon.ico HTTP/1.1", host: "localhost", referrer: "http://localhost/"
2022/06/21 11:58:02 [notice] 1#1: signal 3 (SIGQUIT) received, shutting down
2022/06/21 11:58:02 [notice] 32#32: gracefully shutting down
2022/06/21 11:58:02 [notice] 34#34: gracefully shutting down
2022/06/21 11:58:02 [notice] 32#32: exiting
2022/06/21 11:58:02 [notice] 34#34: exiting
2022/06/21 11:58:02 [notice] 34#34: exit
2022/06/21 11:58:02 [notice] 32#32: exit
2022/06/21 11:58:02 [notice] 35#35: gracefully shutting down
2022/06/21 11:58:02 [notice] 35#35: exiting
2022/06/21 11:58:02 [notice] 35#35: exit
2022/06/21 11:58:02 [notice] 33#33: gracefully shutting down
2022/06/21 11:58:02 [notice] 33#33: exiting
2022/06/21 11:58:02 [notice] 33#33: exit
2022/06/21 11:58:02 [notice] 1#1: signal 17 (SIGCHLD) received from 32
2022/06/21 11:58:02 [notice] 1#1: worker process 32 exited with code 0
2022/06/21 11:58:02 [notice] 1#1: signal 29 (SIGIO) received
2022/06/21 11:58:02 [notice] 1#1: signal 17 (SIGCHLD) received from 33
2022/06/21 11:58:02 [notice] 1#1: worker process 33 exited with code 0
2022/06/21 11:58:02 [notice] 1#1: signal 29 (SIGIO) received
2022/06/21 11:58:02 [notice] 1#1: signal 17 (SIGCHLD) received from 34
2022/06/21 11:58:02 [notice] 1#1: worker process 34 exited with code 0
2022/06/21 11:58:02 [notice] 1#1: signal 29 (SIGIO) received
2022/06/21 11:58:02 [notice] 1#1: signal 17 (SIGCHLD) received from 35
2022/06/21 11:58:02 [notice] 1#1: worker process 35 exited with code 0
2022/06/21 11:58:02 [notice] 1#1: exit
2022/06/21 11:58:49 [notice] 1#1: using the "epoll" event method
2022/06/21 11:58:49 [notice] 1#1: nginx/1.21.6
2022/06/21 11:58:49 [notice] 1#1: built by gcc 10.3.1 20211027 (Alpine 10.3.1_git20211027) 
2022/06/21 11:58:49 [notice] 1#1: OS: Linux 5.13.0-51-generic
2022/06/21 11:58:49 [notice] 1#1: getrlimit(RLIMIT_NOFILE): 1048576:1048576
2022/06/21 11:58:49 [notice] 1#1: start worker processes
2022/06/21 11:58:49 [notice] 1#1: start worker process 32
2022/06/21 11:58:49 [notice] 1#1: start worker process 33
2022/06/21 11:58:49 [notice] 1#1: start worker process 34
2022/06/21 11:58:49 [notice] 1#1: start worker process 35
2022/06/21 14:07:27 [notice] 1#1: signal 3 (SIGQUIT) received, shutting down
2022/06/21 14:07:27 [notice] 32#32: gracefully shutting down
2022/06/21 14:07:27 [notice] 32#32: exiting
2022/06/21 14:07:27 [notice] 35#35: gracefully shutting down
2022/06/21 14:07:27 [notice] 35#35: exiting
2022/06/21 14:07:27 [notice] 32#32: exit
2022/06/21 14:07:27 [notice] 35#35: exit
2022/06/21 14:07:27 [notice] 34#34: gracefully shutting down
2022/06/21 14:07:27 [notice] 33#33: gracefully shutting down
2022/06/21 14:07:27 [notice] 34#34: exiting
2022/06/21 14:07:27 [notice] 33#33: exiting
2022/06/21 14:07:27 [notice] 34#34: exit
2022/06/21 14:07:27 [notice] 33#33: exit
2022/06/21 14:07:27 [notice] 1#1: signal 17 (SIGCHLD) received from 32
2022/06/21 14:07:27 [notice] 1#1: worker process 32 exited with code 0
2022/06/21 14:07:27 [notice] 1#1: signal 29 (SIGIO) received
2022/06/21 14:07:27 [notice] 1#1: signal 17 (SIGCHLD) received from 35
2022/06/21 14:07:27 [notice] 1#1: worker process 35 exited with code 0
2022/06/21 14:07:27 [notice] 1#1: signal 29 (SIGIO) received
2022/06/21 14:07:27 [notice] 1#1: signal 17 (SIGCHLD) received from 33
2022/06/21 14:07:27 [notice] 1#1: worker process 33 exited with code 0
2022/06/21 14:07:27 [notice] 1#1: signal 29 (SIGIO) received
2022/06/21 14:07:27 [notice] 1#1: signal 17 (SIGCHLD) received from 34
2022/06/21 14:07:27 [notice] 1#1: worker process 34 exited with code 0
2022/06/21 14:07:27 [notice] 1#1: exit
2022/06/21 14:11:44 [notice] 1#1: using the "epoll" event method
2022/06/21 14:11:44 [notice] 1#1: nginx/1.21.6
2022/06/21 14:11:44 [notice] 1#1: built by gcc 10.3.1 20211027 (Alpine 10.3.1_git20211027) 
2022/06/21 14:11:44 [notice] 1#1: OS: Linux 5.13.0-51-generic
2022/06/21 14:11:44 [notice] 1#1: getrlimit(RLIMIT_NOFILE): 1048576:1048576
2022/06/21 14:11:44 [notice] 1#1: start worker processes
2022/06/21 14:11:44 [notice] 1#1: start worker process 31
2022/06/21 14:11:44 [notice] 1#1: start worker process 32
2022/06/21 14:11:44 [notice] 1#1: start worker process 33
2022/06/21 14:11:44 [notice] 1#1: start worker process 34
2022/06/21 14:20:15 [notice] 1#1: signal 3 (SIGQUIT) received, shutting down
2022/06/21 14:20:15 [notice] 31#31: gracefully shutting down
2022/06/21 14:20:15 [notice] 33#33: gracefully shutting down
2022/06/21 14:20:15 [notice] 31#31: exiting
2022/06/21 14:20:15 [notice] 33#33: exiting
2022/06/21 14:20:15 [notice] 33#33: exit
2022/06/21 14:20:15 [notice] 31#31: exit
2022/06/21 14:20:15 [notice] 34#34: gracefully shutting down
2022/06/21 14:20:15 [notice] 34#34: exiting
2022/06/21 14:20:15 [notice] 32#32: gracefully shutting down
2022/06/21 14:20:15 [notice] 34#34: exit
2022/06/21 14:20:15 [notice] 32#32: exiting
2022/06/21 14:20:15 [notice] 32#32: exit
2022/06/21 14:20:15 [notice] 1#1: signal 17 (SIGCHLD) received from 32
2022/06/21 14:20:15 [notice] 1#1: worker process 31 exited with code 0
2022/06/21 14:20:15 [notice] 1#1: worker process 32 exited with code 0
2022/06/21 14:20:15 [notice] 1#1: signal 29 (SIGIO) received
2022/06/21 14:20:15 [notice] 1#1: signal 17 (SIGCHLD) received from 33
2022/06/21 14:20:15 [notice] 1#1: worker process 33 exited with code 0
2022/06/21 14:20:15 [notice] 1#1: signal 29 (SIGIO) received
2022/06/21 14:20:15 [notice] 1#1: signal 17 (SIGCHLD) received from 34
2022/06/21 14:20:15 [notice] 1#1: worker process 34 exited with code 0
2022/06/21 14:20:15 [notice] 1#1: exit
2022/06/21 14:25:25 [notice] 1#1: using the "epoll" event method
2022/06/21 14:25:25 [notice] 1#1: nginx/1.21.6
2022/06/21 14:25:25 [notice] 1#1: built by gcc 10.3.1 20211027 (Alpine 10.3.1_git20211027) 
2022/06/21 14:25:25 [notice] 1#1: OS: Linux 5.13.0-51-generic
2022/06/21 14:25:25 [notice] 1#1: getrlimit(RLIMIT_NOFILE): 1048576:1048576
2022/06/21 14:25:25 [notice] 1#1: start worker processes
2022/06/21 14:25:25 [notice] 1#1: start worker process 32
2022/06/21 14:25:25 [notice] 1#1: start worker process 33
2022/06/21 14:25:25 [notice] 1#1: start worker process 34
2022/06/21 14:25:25 [notice] 1#1: start worker process 35
2022/06/21 14:26:07 [notice] 1#1: signal 3 (SIGQUIT) received, shutting down
2022/06/21 14:26:07 [notice] 33#33: gracefully shutting down
2022/06/21 14:26:07 [notice] 32#32: gracefully shutting down
2022/06/21 14:26:07 [notice] 32#32: exiting
2022/06/21 14:26:07 [notice] 32#32: exit
2022/06/21 14:26:07 [notice] 33#33: exiting
2022/06/21 14:26:07 [notice] 33#33: exit
2022/06/21 14:26:07 [notice] 34#34: gracefully shutting down
2022/06/21 14:26:07 [notice] 35#35: gracefully shutting down
2022/06/21 14:26:07 [notice] 34#34: exiting
2022/06/21 14:26:07 [notice] 35#35: exiting
2022/06/21 14:26:07 [notice] 34#34: exit
2022/06/21 14:26:07 [notice] 35#35: exit
2022/06/21 14:26:07 [notice] 1#1: signal 17 (SIGCHLD) received from 33
2022/06/21 14:26:07 [notice] 1#1: worker process 33 exited with code 0
2022/06/21 14:26:07 [notice] 1#1: signal 29 (SIGIO) received
2022/06/21 14:26:07 [notice] 1#1: signal 17 (SIGCHLD) received from 35
2022/06/21 14:26:07 [notice] 1#1: worker process 35 exited with code 0
2022/06/21 14:26:07 [notice] 1#1: signal 29 (SIGIO) received
2022/06/21 14:26:07 [notice] 1#1: signal 17 (SIGCHLD) received from 32
2022/06/21 14:26:07 [notice] 1#1: worker process 32 exited with code 0
2022/06/21 14:26:07 [notice] 1#1: signal 17 (SIGCHLD) received from 34
2022/06/21 14:26:07 [notice] 1#1: worker process 34 exited with code 0
2022/06/21 14:26:07 [notice] 1#1: exit
2022/06/21 14:26:31 [notice] 1#1: using the "epoll" event method
2022/06/21 14:26:31 [notice] 1#1: nginx/1.21.6
2022/06/21 14:26:31 [notice] 1#1: built by gcc 10.3.1 20211027 (Alpine 10.3.1_git20211027) 
2022/06/21 14:26:31 [notice] 1#1: OS: Linux 5.13.0-51-generic
2022/06/21 14:26:31 [notice] 1#1: getrlimit(RLIMIT_NOFILE): 1048576:1048576
2022/06/21 14:26:31 [notice] 1#1: start worker processes
2022/06/21 14:26:31 [notice] 1#1: start worker process 32
2022/06/21 14:26:31 [notice] 1#1: start worker process 33
2022/06/21 14:26:31 [notice] 1#1: start worker process 34
2022/06/21 14:26:31 [notice] 1#1: start worker process 35
2022/06/21 14:28:46 [notice] 1#1: signal 3 (SIGQUIT) received, shutting down
2022/06/21 14:28:46 [notice] 33#33: gracefully shutting down
2022/06/21 14:28:46 [notice] 33#33: exiting
2022/06/21 14:28:46 [notice] 33#33: exit
2022/06/21 14:28:46 [notice] 32#32: gracefully shutting down
2022/06/21 14:28:46 [notice] 32#32: exiting
2022/06/21 14:28:46 [notice] 32#32: exit
2022/06/21 14:28:46 [notice] 34#34: gracefully shutting down
2022/06/21 14:28:46 [notice] 34#34: exiting
2022/06/21 14:28:46 [notice] 34#34: exit
2022/06/21 14:28:46 [notice] 35#35: gracefully shutting down
2022/06/21 14:28:46 [notice] 35#35: exiting
2022/06/21 14:28:46 [notice] 35#35: exit
2022/06/21 14:28:46 [notice] 1#1: signal 17 (SIGCHLD) received from 34
2022/06/21 14:28:46 [notice] 1#1: worker process 32 exited with code 0
2022/06/21 14:28:46 [notice] 1#1: worker process 34 exited with code 0
2022/06/21 14:28:46 [notice] 1#1: signal 29 (SIGIO) received
2022/06/21 14:28:46 [notice] 1#1: signal 17 (SIGCHLD) received from 32
2022/06/21 14:28:46 [notice] 1#1: signal 17 (SIGCHLD) received from 33
2022/06/21 14:28:46 [notice] 1#1: worker process 33 exited with code 0
2022/06/21 14:28:46 [notice] 1#1: signal 29 (SIGIO) received
2022/06/21 14:28:46 [notice] 1#1: signal 17 (SIGCHLD) received from 35
2022/06/21 14:28:46 [notice] 1#1: worker process 35 exited with code 0
2022/06/21 14:28:46 [notice] 1#1: exit
2022/06/21 14:29:04 [notice] 1#1: using the "epoll" event method
2022/06/21 14:29:04 [notice] 1#1: nginx/1.21.6
2022/06/21 14:29:04 [notice] 1#1: built by gcc 10.3.1 20211027 (Alpine 10.3.1_git20211027) 
2022/06/21 14:29:04 [notice] 1#1: OS: Linux 5.13.0-51-generic
2022/06/21 14:29:04 [notice] 1#1: getrlimit(RLIMIT_NOFILE): 1048576:1048576
2022/06/21 14:29:04 [notice] 1#1: start worker processes
2022/06/21 14:29:04 [notice] 1#1: start worker process 32
2022/06/21 14:29:04 [notice] 1#1: start worker process 33
2022/06/21 14:29:04 [notice] 1#1: start worker process 34
2022/06/21 14:29:04 [notice] 1#1: start worker process 35
2022/06/21 14:37:20 [notice] 1#1: signal 3 (SIGQUIT) received, shutting down
2022/06/21 14:37:20 [notice] 33#33: gracefully shutting down
2022/06/21 14:37:20 [notice] 34#34: gracefully shutting down
2022/06/21 14:37:20 [notice] 33#33: exiting
2022/06/21 14:37:20 [notice] 34#34: exiting
2022/06/21 14:37:20 [notice] 34#34: exit
2022/06/21 14:37:20 [notice] 33#33: exit
2022/06/21 14:37:20 [notice] 35#35: gracefully shutting down
2022/06/21 14:37:20 [notice] 35#35: exiting
2022/06/21 14:37:20 [notice] 35#35: exit
2022/06/21 14:37:20 [notice] 32#32: gracefully shutting down
2022/06/21 14:37:20 [notice] 32#32: exiting
2022/06/21 14:37:20 [notice] 32#32: exit
2022/06/21 14:37:20 [notice] 1#1: signal 17 (SIGCHLD) received from 34
2022/06/21 14:37:20 [notice] 1#1: worker process 33 exited with code 0
2022/06/21 14:37:20 [notice] 1#1: worker process 34 exited with code 0
2022/06/21 14:37:20 [notice] 1#1: worker process 35 exited with code 0
2022/06/21 14:37:20 [notice] 1#1: signal 29 (SIGIO) received
2022/06/21 14:37:20 [notice] 1#1: signal 17 (SIGCHLD) received from 35
2022/06/21 14:37:20 [notice] 1#1: signal 17 (SIGCHLD) received from 32
2022/06/21 14:37:20 [notice] 1#1: worker process 32 exited with code 0
2022/06/21 14:37:20 [notice] 1#1: exit
2022/06/21 14:38:20 [notice] 1#1: using the "epoll" event method
2022/06/21 14:38:20 [notice] 1#1: nginx/1.21.6
2022/06/21 14:38:20 [notice] 1#1: built by gcc 10.3.1 20211027 (Alpine 10.3.1_git20211027) 
2022/06/21 14:38:20 [notice] 1#1: OS: Linux 5.13.0-51-generic
2022/06/21 14:38:20 [notice] 1#1: getrlimit(RLIMIT_NOFILE): 1048576:1048576
2022/06/21 14:38:20 [notice] 1#1: start worker processes
2022/06/21 14:38:20 [notice] 1#1: start worker process 32
2022/06/21 14:38:20 [notice] 1#1: start worker process 33
2022/06/21 14:38:20 [notice] 1#1: start worker process 34
2022/06/21 14:38:20 [notice] 1#1: start worker process 35
